<?xml version="1.0" encoding="UTF-8"?>
<testsuite xmlns:xsi="http://www.w3.org/2001/XMLSchema-instance" xsi:noNamespaceSchemaLocation="https://maven.apache.org/surefire/maven-surefire-plugin/xsd/surefire-test-report.xsd" version="3.0.2" name="com.monstersinc.stock101.restclient.stock.StockRestClientServiceTest" time="1.618" tests="1" errors="1" skipped="0" failures="0">
  <properties>
    <property name="java.specification.version" value="21"/>
    <property name="sun.jnu.encoding" value="UTF-8"/>
    <property name="java.class.path" value="/Users/wonseok/Desktop/be18-4th-4team-project/backend/target/test-classes:/Users/wonseok/Desktop/be18-4th-4team-project/backend/target/classes:/Users/wonseok/.m2/repository/org/springframework/boot/spring-boot-starter-web/3.5.5/spring-boot-starter-web-3.5.5.jar:/Users/wonseok/.m2/repository/org/springframework/boot/spring-boot-starter/3.5.5/spring-boot-starter-3.5.5.jar:/Users/wonseok/.m2/repository/org/springframework/boot/spring-boot-starter-logging/3.5.5/spring-boot-starter-logging-3.5.5.jar:/Users/wonseok/.m2/repository/ch/qos/logback/logback-classic/1.5.18/logback-classic-1.5.18.jar:/Users/wonseok/.m2/repository/ch/qos/logback/logback-core/1.5.18/logback-core-1.5.18.jar:/Users/wonseok/.m2/repository/org/apache/logging/log4j/log4j-to-slf4j/2.24.3/log4j-to-slf4j-2.24.3.jar:/Users/wonseok/.m2/repository/org/apache/logging/log4j/log4j-api/2.24.3/log4j-api-2.24.3.jar:/Users/wonseok/.m2/repository/org/slf4j/jul-to-slf4j/2.0.17/jul-to-slf4j-2.0.17.jar:/Users/wonseok/.m2/repository/jakarta/annotation/jakarta.annotation-api/2.1.1/jakarta.annotation-api-2.1.1.jar:/Users/wonseok/.m2/repository/org/yaml/snakeyaml/2.4/snakeyaml-2.4.jar:/Users/wonseok/.m2/repository/org/springframework/boot/spring-boot-starter-json/3.5.5/spring-boot-starter-json-3.5.5.jar:/Users/wonseok/.m2/repository/com/fasterxml/jackson/datatype/jackson-datatype-jdk8/2.19.2/jackson-datatype-jdk8-2.19.2.jar:/Users/wonseok/.m2/repository/com/fasterxml/jackson/datatype/jackson-datatype-jsr310/2.19.2/jackson-datatype-jsr310-2.19.2.jar:/Users/wonseok/.m2/repository/com/fasterxml/jackson/module/jackson-module-parameter-names/2.19.2/jackson-module-parameter-names-2.19.2.jar:/Users/wonseok/.m2/repository/org/springframework/boot/spring-boot-starter-tomcat/3.5.5/spring-boot-starter-tomcat-3.5.5.jar:/Users/wonseok/.m2/repository/org/apache/tomcat/embed/tomcat-embed-core/10.1.44/tomcat-embed-core-10.1.44.jar:/Users/wonseok/.m2/repository/org/apache/tomcat/embed/tomcat-embed-el/10.1.44/tomcat-embed-el-10.1.44.jar:/Users/wonseok/.m2/repository/org/apache/tomcat/embed/tomcat-embed-websocket/10.1.44/tomcat-embed-websocket-10.1.44.jar:/Users/wonseok/.m2/repository/org/springframework/spring-web/6.2.10/spring-web-6.2.10.jar:/Users/wonseok/.m2/repository/org/springframework/spring-beans/6.2.10/spring-beans-6.2.10.jar:/Users/wonseok/.m2/repository/org/springframework/spring-webmvc/6.2.10/spring-webmvc-6.2.10.jar:/Users/wonseok/.m2/repository/org/springframework/spring-context/6.2.10/spring-context-6.2.10.jar:/Users/wonseok/.m2/repository/org/springframework/spring-expression/6.2.10/spring-expression-6.2.10.jar:/Users/wonseok/.m2/repository/org/mybatis/spring/boot/mybatis-spring-boot-starter/3.0.5/mybatis-spring-boot-starter-3.0.5.jar:/Users/wonseok/.m2/repository/org/springframework/boot/spring-boot-starter-jdbc/3.5.5/spring-boot-starter-jdbc-3.5.5.jar:/Users/wonseok/.m2/repository/com/zaxxer/HikariCP/6.3.2/HikariCP-6.3.2.jar:/Users/wonseok/.m2/repository/org/springframework/spring-jdbc/6.2.10/spring-jdbc-6.2.10.jar:/Users/wonseok/.m2/repository/org/mybatis/spring/boot/mybatis-spring-boot-autoconfigure/3.0.5/mybatis-spring-boot-autoconfigure-3.0.5.jar:/Users/wonseok/.m2/repository/org/mybatis/mybatis/3.5.19/mybatis-3.5.19.jar:/Users/wonseok/.m2/repository/org/mybatis/mybatis-spring/3.0.5/mybatis-spring-3.0.5.jar:/Users/wonseok/.m2/repository/org/springframework/boot/spring-boot-starter-oauth2-client/3.5.5/spring-boot-starter-oauth2-client-3.5.5.jar:/Users/wonseok/.m2/repository/org/springframework/security/spring-security-config/6.5.3/spring-security-config-6.5.3.jar:/Users/wonseok/.m2/repository/org/springframework/security/spring-security-core/6.5.3/spring-security-core-6.5.3.jar:/Users/wonseok/.m2/repository/org/springframework/security/spring-security-crypto/6.5.3/spring-security-crypto-6.5.3.jar:/Users/wonseok/.m2/repository/org/springframework/security/spring-security-oauth2-client/6.5.3/spring-security-oauth2-client-6.5.3.jar:/Users/wonseok/.m2/repository/org/springframework/security/spring-security-oauth2-core/6.5.3/spring-security-oauth2-core-6.5.3.jar:/Users/wonseok/.m2/repository/com/nimbusds/oauth2-oidc-sdk/9.43.6/oauth2-oidc-sdk-9.43.6.jar:/Users/wonseok/.m2/repository/com/github/stephenc/jcip/jcip-annotations/1.0-1/jcip-annotations-1.0-1.jar:/Users/wonseok/.m2/repository/com/nimbusds/content-type/2.2/content-type-2.2.jar:/Users/wonseok/.m2/repository/com/nimbusds/lang-tag/1.7/lang-tag-1.7.jar:/Users/wonseok/.m2/repository/org/springframework/security/spring-security-oauth2-jose/6.5.3/spring-security-oauth2-jose-6.5.3.jar:/Users/wonseok/.m2/repository/com/nimbusds/nimbus-jose-jwt/9.37.3/nimbus-jose-jwt-9.37.3.jar:/Users/wonseok/.m2/repository/org/springframework/boot/spring-boot-starter-actuator/3.5.5/spring-boot-starter-actuator-3.5.5.jar:/Users/wonseok/.m2/repository/org/springframework/boot/spring-boot-actuator-autoconfigure/3.5.5/spring-boot-actuator-autoconfigure-3.5.5.jar:/Users/wonseok/.m2/repository/org/springframework/boot/spring-boot-actuator/3.5.5/spring-boot-actuator-3.5.5.jar:/Users/wonseok/.m2/repository/io/micrometer/micrometer-observation/1.15.3/micrometer-observation-1.15.3.jar:/Users/wonseok/.m2/repository/io/micrometer/micrometer-commons/1.15.3/micrometer-commons-1.15.3.jar:/Users/wonseok/.m2/repository/io/micrometer/micrometer-jakarta9/1.15.3/micrometer-jakarta9-1.15.3.jar:/Users/wonseok/.m2/repository/io/micrometer/micrometer-core/1.15.3/micrometer-core-1.15.3.jar:/Users/wonseok/.m2/repository/org/hdrhistogram/HdrHistogram/2.2.2/HdrHistogram-2.2.2.jar:/Users/wonseok/.m2/repository/org/latencyutils/LatencyUtils/2.0.3/LatencyUtils-2.0.3.jar:/Users/wonseok/.m2/repository/org/springframework/boot/spring-boot-devtools/3.5.5/spring-boot-devtools-3.5.5.jar:/Users/wonseok/.m2/repository/org/springframework/boot/spring-boot/3.5.5/spring-boot-3.5.5.jar:/Users/wonseok/.m2/repository/org/springframework/boot/spring-boot-autoconfigure/3.5.5/spring-boot-autoconfigure-3.5.5.jar:/Users/wonseok/.m2/repository/org/springframework/boot/spring-boot-starter-data-redis/3.5.5/spring-boot-starter-data-redis-3.5.5.jar:/Users/wonseok/.m2/repository/io/lettuce/lettuce-core/6.6.0.RELEASE/lettuce-core-6.6.0.RELEASE.jar:/Users/wonseok/.m2/repository/redis/clients/authentication/redis-authx-core/0.1.1-beta2/redis-authx-core-0.1.1-beta2.jar:/Users/wonseok/.m2/repository/io/netty/netty-common/4.1.124.Final/netty-common-4.1.124.Final.jar:/Users/wonseok/.m2/repository/io/netty/netty-handler/4.1.124.Final/netty-handler-4.1.124.Final.jar:/Users/wonseok/.m2/repository/io/netty/netty-resolver/4.1.124.Final/netty-resolver-4.1.124.Final.jar:/Users/wonseok/.m2/repository/io/netty/netty-buffer/4.1.124.Final/netty-buffer-4.1.124.Final.jar:/Users/wonseok/.m2/repository/io/netty/netty-transport-native-unix-common/4.1.124.Final/netty-transport-native-unix-common-4.1.124.Final.jar:/Users/wonseok/.m2/repository/io/netty/netty-codec/4.1.124.Final/netty-codec-4.1.124.Final.jar:/Users/wonseok/.m2/repository/io/netty/netty-transport/4.1.124.Final/netty-transport-4.1.124.Final.jar:/Users/wonseok/.m2/repository/io/projectreactor/reactor-core/3.7.9/reactor-core-3.7.9.jar:/Users/wonseok/.m2/repository/org/reactivestreams/reactive-streams/1.0.4/reactive-streams-1.0.4.jar:/Users/wonseok/.m2/repository/org/springframework/data/spring-data-redis/3.5.3/spring-data-redis-3.5.3.jar:/Users/wonseok/.m2/repository/org/springframework/data/spring-data-keyvalue/3.5.3/spring-data-keyvalue-3.5.3.jar:/Users/wonseok/.m2/repository/org/springframework/data/spring-data-commons/3.5.3/spring-data-commons-3.5.3.jar:/Users/wonseok/.m2/repository/org/springframework/spring-tx/6.2.10/spring-tx-6.2.10.jar:/Users/wonseok/.m2/repository/org/springframework/spring-oxm/6.2.10/spring-oxm-6.2.10.jar:/Users/wonseok/.m2/repository/org/springframework/spring-context-support/6.2.10/spring-context-support-6.2.10.jar:/Users/wonseok/.m2/repository/org/slf4j/slf4j-api/2.0.17/slf4j-api-2.0.17.jar:/Users/wonseok/.m2/repository/org/mariadb/jdbc/mariadb-java-client/3.5.5/mariadb-java-client-3.5.5.jar:/Users/wonseok/.m2/repository/io/jsonwebtoken/jjwt-api/0.12.7/jjwt-api-0.12.7.jar:/Users/wonseok/.m2/repository/io/jsonwebtoken/jjwt-impl/0.12.7/jjwt-impl-0.12.7.jar:/Users/wonseok/.m2/repository/io/jsonwebtoken/jjwt-jackson/0.12.7/jjwt-jackson-0.12.7.jar:/Users/wonseok/.m2/repository/com/fasterxml/jackson/core/jackson-databind/2.19.2/jackson-databind-2.19.2.jar:/Users/wonseok/.m2/repository/com/fasterxml/jackson/core/jackson-annotations/2.19.2/jackson-annotations-2.19.2.jar:/Users/wonseok/.m2/repository/com/fasterxml/jackson/core/jackson-core/2.19.2/jackson-core-2.19.2.jar:/Users/wonseok/.m2/repository/org/springdoc/springdoc-openapi-starter-webmvc-ui/2.8.12/springdoc-openapi-starter-webmvc-ui-2.8.12.jar:/Users/wonseok/.m2/repository/org/springdoc/springdoc-openapi-starter-webmvc-api/2.8.12/springdoc-openapi-starter-webmvc-api-2.8.12.jar:/Users/wonseok/.m2/repository/org/springdoc/springdoc-openapi-starter-common/2.8.12/springdoc-openapi-starter-common-2.8.12.jar:/Users/wonseok/.m2/repository/org/springframework/boot/spring-boot-starter-validation/3.5.5/spring-boot-starter-validation-3.5.5.jar:/Users/wonseok/.m2/repository/org/hibernate/validator/hibernate-validator/8.0.3.Final/hibernate-validator-8.0.3.Final.jar:/Users/wonseok/.m2/repository/org/jboss/logging/jboss-logging/3.6.1.Final/jboss-logging-3.6.1.Final.jar:/Users/wonseok/.m2/repository/com/fasterxml/classmate/1.7.0/classmate-1.7.0.jar:/Users/wonseok/.m2/repository/io/swagger/core/v3/swagger-core-jakarta/2.2.36/swagger-core-jakarta-2.2.36.jar:/Users/wonseok/.m2/repository/org/apache/commons/commons-lang3/3.17.0/commons-lang3-3.17.0.jar:/Users/wonseok/.m2/repository/io/swagger/core/v3/swagger-annotations-jakarta/2.2.36/swagger-annotations-jakarta-2.2.36.jar:/Users/wonseok/.m2/repository/io/swagger/core/v3/swagger-models-jakarta/2.2.36/swagger-models-jakarta-2.2.36.jar:/Users/wonseok/.m2/repository/jakarta/validation/jakarta.validation-api/3.0.2/jakarta.validation-api-3.0.2.jar:/Users/wonseok/.m2/repository/com/fasterxml/jackson/dataformat/jackson-dataformat-yaml/2.19.2/jackson-dataformat-yaml-2.19.2.jar:/Users/wonseok/.m2/repository/org/webjars/swagger-ui/5.28.0/swagger-ui-5.28.0.jar:/Users/wonseok/.m2/repository/org/webjars/webjars-locator-lite/1.1.0/webjars-locator-lite-1.1.0.jar:/Users/wonseok/.m2/repository/org/jspecify/jspecify/1.0.0/jspecify-1.0.0.jar:/Users/wonseok/.m2/repository/org/springframework/boot/spring-boot-starter-security/3.5.5/spring-boot-starter-security-3.5.5.jar:/Users/wonseok/.m2/repository/org/springframework/spring-aop/6.2.10/spring-aop-6.2.10.jar:/Users/wonseok/.m2/repository/org/springframework/security/spring-security-web/6.5.3/spring-security-web-6.5.3.jar:/Users/wonseok/.m2/repository/org/springframework/retry/spring-retry/2.0.12/spring-retry-2.0.12.jar:/Users/wonseok/.m2/repository/org/projectlombok/lombok/1.18.38/lombok-1.18.38.jar:/Users/wonseok/.m2/repository/org/springframework/boot/spring-boot-starter-test/3.5.5/spring-boot-starter-test-3.5.5.jar:/Users/wonseok/.m2/repository/org/springframework/boot/spring-boot-test/3.5.5/spring-boot-test-3.5.5.jar:/Users/wonseok/.m2/repository/org/springframework/boot/spring-boot-test-autoconfigure/3.5.5/spring-boot-test-autoconfigure-3.5.5.jar:/Users/wonseok/.m2/repository/com/jayway/jsonpath/json-path/2.9.0/json-path-2.9.0.jar:/Users/wonseok/.m2/repository/jakarta/xml/bind/jakarta.xml.bind-api/4.0.2/jakarta.xml.bind-api-4.0.2.jar:/Users/wonseok/.m2/repository/jakarta/activation/jakarta.activation-api/2.1.3/jakarta.activation-api-2.1.3.jar:/Users/wonseok/.m2/repository/net/minidev/json-smart/2.5.2/json-smart-2.5.2.jar:/Users/wonseok/.m2/repository/net/minidev/accessors-smart/2.5.2/accessors-smart-2.5.2.jar:/Users/wonseok/.m2/repository/org/ow2/asm/asm/9.7.1/asm-9.7.1.jar:/Users/wonseok/.m2/repository/org/assertj/assertj-core/3.27.4/assertj-core-3.27.4.jar:/Users/wonseok/.m2/repository/net/bytebuddy/byte-buddy/1.17.7/byte-buddy-1.17.7.jar:/Users/wonseok/.m2/repository/org/awaitility/awaitility/4.2.2/awaitility-4.2.2.jar:/Users/wonseok/.m2/repository/org/hamcrest/hamcrest/3.0/hamcrest-3.0.jar:/Users/wonseok/.m2/repository/org/junit/jupiter/junit-jupiter/5.12.2/junit-jupiter-5.12.2.jar:/Users/wonseok/.m2/repository/org/junit/jupiter/junit-jupiter-api/5.12.2/junit-jupiter-api-5.12.2.jar:/Users/wonseok/.m2/repository/org/opentest4j/opentest4j/1.3.0/opentest4j-1.3.0.jar:/Users/wonseok/.m2/repository/org/junit/platform/junit-platform-commons/1.12.2/junit-platform-commons-1.12.2.jar:/Users/wonseok/.m2/repository/org/apiguardian/apiguardian-api/1.1.2/apiguardian-api-1.1.2.jar:/Users/wonseok/.m2/repository/org/junit/jupiter/junit-jupiter-params/5.12.2/junit-jupiter-params-5.12.2.jar:/Users/wonseok/.m2/repository/org/junit/jupiter/junit-jupiter-engine/5.12.2/junit-jupiter-engine-5.12.2.jar:/Users/wonseok/.m2/repository/org/junit/platform/junit-platform-engine/1.12.2/junit-platform-engine-1.12.2.jar:/Users/wonseok/.m2/repository/org/mockito/mockito-core/5.17.0/mockito-core-5.17.0.jar:/Users/wonseok/.m2/repository/net/bytebuddy/byte-buddy-agent/1.17.7/byte-buddy-agent-1.17.7.jar:/Users/wonseok/.m2/repository/org/objenesis/objenesis/3.3/objenesis-3.3.jar:/Users/wonseok/.m2/repository/org/mockito/mockito-junit-jupiter/5.17.0/mockito-junit-jupiter-5.17.0.jar:/Users/wonseok/.m2/repository/org/skyscreamer/jsonassert/1.5.3/jsonassert-1.5.3.jar:/Users/wonseok/.m2/repository/com/vaadin/external/google/android-json/0.0.20131108.vaadin1/android-json-0.0.20131108.vaadin1.jar:/Users/wonseok/.m2/repository/org/springframework/spring-core/6.2.10/spring-core-6.2.10.jar:/Users/wonseok/.m2/repository/org/springframework/spring-jcl/6.2.10/spring-jcl-6.2.10.jar:/Users/wonseok/.m2/repository/org/springframework/spring-test/6.2.10/spring-test-6.2.10.jar:/Users/wonseok/.m2/repository/org/xmlunit/xmlunit-core/2.10.3/xmlunit-core-2.10.3.jar:/Users/wonseok/.m2/repository/org/mybatis/spring/boot/mybatis-spring-boot-starter-test/3.0.5/mybatis-spring-boot-starter-test-3.0.5.jar:/Users/wonseok/.m2/repository/org/mybatis/spring/boot/mybatis-spring-boot-test-autoconfigure/3.0.5/mybatis-spring-boot-test-autoconfigure-3.0.5.jar:"/>
    <property name="java.vm.vendor" value="Eclipse Adoptium"/>
    <property name="sun.arch.data.model" value="64"/>
    <property name="java.vendor.url" value="https://adoptium.net/"/>
    <property name="user.timezone" value="Asia/Seoul"/>
    <property name="org.jboss.logging.provider" value="slf4j"/>
    <property name="os.name" value="Mac OS X"/>
    <property name="java.vm.specification.version" value="21"/>
    <property name="sun.java.launcher" value="SUN_STANDARD"/>
    <property name="user.country" value="KR"/>
    <property name="sun.boot.library.path" value="/Users/wonseok/Library/Java/JavaVirtualMachines/temurin-21.0.8/Contents/Home/lib"/>
    <property name="sun.java.command" value="/Users/wonseok/Desktop/be18-4th-4team-project/backend/target/surefire/surefirebooter-20251017111112538_3.jar /Users/wonseok/Desktop/be18-4th-4team-project/backend/target/surefire 2025-10-17T11-11-12_442-jvmRun1 surefire-20251017111112538_1tmp surefire_0-20251017111112538_2tmp"/>
    <property name="http.nonProxyHosts" value="local|*.local|169.254/16|*.169.254/16|lx.astxsvc.com|*.lx.astxsvc.com|127.0.0.1:21300|*.127.0.0.1:21300"/>
    <property name="jdk.debug" value="release"/>
    <property name="surefire.test.class.path" value="/Users/wonseok/Desktop/be18-4th-4team-project/backend/target/test-classes:/Users/wonseok/Desktop/be18-4th-4team-project/backend/target/classes:/Users/wonseok/.m2/repository/org/springframework/boot/spring-boot-starter-web/3.5.5/spring-boot-starter-web-3.5.5.jar:/Users/wonseok/.m2/repository/org/springframework/boot/spring-boot-starter/3.5.5/spring-boot-starter-3.5.5.jar:/Users/wonseok/.m2/repository/org/springframework/boot/spring-boot-starter-logging/3.5.5/spring-boot-starter-logging-3.5.5.jar:/Users/wonseok/.m2/repository/ch/qos/logback/logback-classic/1.5.18/logback-classic-1.5.18.jar:/Users/wonseok/.m2/repository/ch/qos/logback/logback-core/1.5.18/logback-core-1.5.18.jar:/Users/wonseok/.m2/repository/org/apache/logging/log4j/log4j-to-slf4j/2.24.3/log4j-to-slf4j-2.24.3.jar:/Users/wonseok/.m2/repository/org/apache/logging/log4j/log4j-api/2.24.3/log4j-api-2.24.3.jar:/Users/wonseok/.m2/repository/org/slf4j/jul-to-slf4j/2.0.17/jul-to-slf4j-2.0.17.jar:/Users/wonseok/.m2/repository/jakarta/annotation/jakarta.annotation-api/2.1.1/jakarta.annotation-api-2.1.1.jar:/Users/wonseok/.m2/repository/org/yaml/snakeyaml/2.4/snakeyaml-2.4.jar:/Users/wonseok/.m2/repository/org/springframework/boot/spring-boot-starter-json/3.5.5/spring-boot-starter-json-3.5.5.jar:/Users/wonseok/.m2/repository/com/fasterxml/jackson/datatype/jackson-datatype-jdk8/2.19.2/jackson-datatype-jdk8-2.19.2.jar:/Users/wonseok/.m2/repository/com/fasterxml/jackson/datatype/jackson-datatype-jsr310/2.19.2/jackson-datatype-jsr310-2.19.2.jar:/Users/wonseok/.m2/repository/com/fasterxml/jackson/module/jackson-module-parameter-names/2.19.2/jackson-module-parameter-names-2.19.2.jar:/Users/wonseok/.m2/repository/org/springframework/boot/spring-boot-starter-tomcat/3.5.5/spring-boot-starter-tomcat-3.5.5.jar:/Users/wonseok/.m2/repository/org/apache/tomcat/embed/tomcat-embed-core/10.1.44/tomcat-embed-core-10.1.44.jar:/Users/wonseok/.m2/repository/org/apache/tomcat/embed/tomcat-embed-el/10.1.44/tomcat-embed-el-10.1.44.jar:/Users/wonseok/.m2/repository/org/apache/tomcat/embed/tomcat-embed-websocket/10.1.44/tomcat-embed-websocket-10.1.44.jar:/Users/wonseok/.m2/repository/org/springframework/spring-web/6.2.10/spring-web-6.2.10.jar:/Users/wonseok/.m2/repository/org/springframework/spring-beans/6.2.10/spring-beans-6.2.10.jar:/Users/wonseok/.m2/repository/org/springframework/spring-webmvc/6.2.10/spring-webmvc-6.2.10.jar:/Users/wonseok/.m2/repository/org/springframework/spring-context/6.2.10/spring-context-6.2.10.jar:/Users/wonseok/.m2/repository/org/springframework/spring-expression/6.2.10/spring-expression-6.2.10.jar:/Users/wonseok/.m2/repository/org/mybatis/spring/boot/mybatis-spring-boot-starter/3.0.5/mybatis-spring-boot-starter-3.0.5.jar:/Users/wonseok/.m2/repository/org/springframework/boot/spring-boot-starter-jdbc/3.5.5/spring-boot-starter-jdbc-3.5.5.jar:/Users/wonseok/.m2/repository/com/zaxxer/HikariCP/6.3.2/HikariCP-6.3.2.jar:/Users/wonseok/.m2/repository/org/springframework/spring-jdbc/6.2.10/spring-jdbc-6.2.10.jar:/Users/wonseok/.m2/repository/org/mybatis/spring/boot/mybatis-spring-boot-autoconfigure/3.0.5/mybatis-spring-boot-autoconfigure-3.0.5.jar:/Users/wonseok/.m2/repository/org/mybatis/mybatis/3.5.19/mybatis-3.5.19.jar:/Users/wonseok/.m2/repository/org/mybatis/mybatis-spring/3.0.5/mybatis-spring-3.0.5.jar:/Users/wonseok/.m2/repository/org/springframework/boot/spring-boot-starter-oauth2-client/3.5.5/spring-boot-starter-oauth2-client-3.5.5.jar:/Users/wonseok/.m2/repository/org/springframework/security/spring-security-config/6.5.3/spring-security-config-6.5.3.jar:/Users/wonseok/.m2/repository/org/springframework/security/spring-security-core/6.5.3/spring-security-core-6.5.3.jar:/Users/wonseok/.m2/repository/org/springframework/security/spring-security-crypto/6.5.3/spring-security-crypto-6.5.3.jar:/Users/wonseok/.m2/repository/org/springframework/security/spring-security-oauth2-client/6.5.3/spring-security-oauth2-client-6.5.3.jar:/Users/wonseok/.m2/repository/org/springframework/security/spring-security-oauth2-core/6.5.3/spring-security-oauth2-core-6.5.3.jar:/Users/wonseok/.m2/repository/com/nimbusds/oauth2-oidc-sdk/9.43.6/oauth2-oidc-sdk-9.43.6.jar:/Users/wonseok/.m2/repository/com/github/stephenc/jcip/jcip-annotations/1.0-1/jcip-annotations-1.0-1.jar:/Users/wonseok/.m2/repository/com/nimbusds/content-type/2.2/content-type-2.2.jar:/Users/wonseok/.m2/repository/com/nimbusds/lang-tag/1.7/lang-tag-1.7.jar:/Users/wonseok/.m2/repository/org/springframework/security/spring-security-oauth2-jose/6.5.3/spring-security-oauth2-jose-6.5.3.jar:/Users/wonseok/.m2/repository/com/nimbusds/nimbus-jose-jwt/9.37.3/nimbus-jose-jwt-9.37.3.jar:/Users/wonseok/.m2/repository/org/springframework/boot/spring-boot-starter-actuator/3.5.5/spring-boot-starter-actuator-3.5.5.jar:/Users/wonseok/.m2/repository/org/springframework/boot/spring-boot-actuator-autoconfigure/3.5.5/spring-boot-actuator-autoconfigure-3.5.5.jar:/Users/wonseok/.m2/repository/org/springframework/boot/spring-boot-actuator/3.5.5/spring-boot-actuator-3.5.5.jar:/Users/wonseok/.m2/repository/io/micrometer/micrometer-observation/1.15.3/micrometer-observation-1.15.3.jar:/Users/wonseok/.m2/repository/io/micrometer/micrometer-commons/1.15.3/micrometer-commons-1.15.3.jar:/Users/wonseok/.m2/repository/io/micrometer/micrometer-jakarta9/1.15.3/micrometer-jakarta9-1.15.3.jar:/Users/wonseok/.m2/repository/io/micrometer/micrometer-core/1.15.3/micrometer-core-1.15.3.jar:/Users/wonseok/.m2/repository/org/hdrhistogram/HdrHistogram/2.2.2/HdrHistogram-2.2.2.jar:/Users/wonseok/.m2/repository/org/latencyutils/LatencyUtils/2.0.3/LatencyUtils-2.0.3.jar:/Users/wonseok/.m2/repository/org/springframework/boot/spring-boot-devtools/3.5.5/spring-boot-devtools-3.5.5.jar:/Users/wonseok/.m2/repository/org/springframework/boot/spring-boot/3.5.5/spring-boot-3.5.5.jar:/Users/wonseok/.m2/repository/org/springframework/boot/spring-boot-autoconfigure/3.5.5/spring-boot-autoconfigure-3.5.5.jar:/Users/wonseok/.m2/repository/org/springframework/boot/spring-boot-starter-data-redis/3.5.5/spring-boot-starter-data-redis-3.5.5.jar:/Users/wonseok/.m2/repository/io/lettuce/lettuce-core/6.6.0.RELEASE/lettuce-core-6.6.0.RELEASE.jar:/Users/wonseok/.m2/repository/redis/clients/authentication/redis-authx-core/0.1.1-beta2/redis-authx-core-0.1.1-beta2.jar:/Users/wonseok/.m2/repository/io/netty/netty-common/4.1.124.Final/netty-common-4.1.124.Final.jar:/Users/wonseok/.m2/repository/io/netty/netty-handler/4.1.124.Final/netty-handler-4.1.124.Final.jar:/Users/wonseok/.m2/repository/io/netty/netty-resolver/4.1.124.Final/netty-resolver-4.1.124.Final.jar:/Users/wonseok/.m2/repository/io/netty/netty-buffer/4.1.124.Final/netty-buffer-4.1.124.Final.jar:/Users/wonseok/.m2/repository/io/netty/netty-transport-native-unix-common/4.1.124.Final/netty-transport-native-unix-common-4.1.124.Final.jar:/Users/wonseok/.m2/repository/io/netty/netty-codec/4.1.124.Final/netty-codec-4.1.124.Final.jar:/Users/wonseok/.m2/repository/io/netty/netty-transport/4.1.124.Final/netty-transport-4.1.124.Final.jar:/Users/wonseok/.m2/repository/io/projectreactor/reactor-core/3.7.9/reactor-core-3.7.9.jar:/Users/wonseok/.m2/repository/org/reactivestreams/reactive-streams/1.0.4/reactive-streams-1.0.4.jar:/Users/wonseok/.m2/repository/org/springframework/data/spring-data-redis/3.5.3/spring-data-redis-3.5.3.jar:/Users/wonseok/.m2/repository/org/springframework/data/spring-data-keyvalue/3.5.3/spring-data-keyvalue-3.5.3.jar:/Users/wonseok/.m2/repository/org/springframework/data/spring-data-commons/3.5.3/spring-data-commons-3.5.3.jar:/Users/wonseok/.m2/repository/org/springframework/spring-tx/6.2.10/spring-tx-6.2.10.jar:/Users/wonseok/.m2/repository/org/springframework/spring-oxm/6.2.10/spring-oxm-6.2.10.jar:/Users/wonseok/.m2/repository/org/springframework/spring-context-support/6.2.10/spring-context-support-6.2.10.jar:/Users/wonseok/.m2/repository/org/slf4j/slf4j-api/2.0.17/slf4j-api-2.0.17.jar:/Users/wonseok/.m2/repository/org/mariadb/jdbc/mariadb-java-client/3.5.5/mariadb-java-client-3.5.5.jar:/Users/wonseok/.m2/repository/io/jsonwebtoken/jjwt-api/0.12.7/jjwt-api-0.12.7.jar:/Users/wonseok/.m2/repository/io/jsonwebtoken/jjwt-impl/0.12.7/jjwt-impl-0.12.7.jar:/Users/wonseok/.m2/repository/io/jsonwebtoken/jjwt-jackson/0.12.7/jjwt-jackson-0.12.7.jar:/Users/wonseok/.m2/repository/com/fasterxml/jackson/core/jackson-databind/2.19.2/jackson-databind-2.19.2.jar:/Users/wonseok/.m2/repository/com/fasterxml/jackson/core/jackson-annotations/2.19.2/jackson-annotations-2.19.2.jar:/Users/wonseok/.m2/repository/com/fasterxml/jackson/core/jackson-core/2.19.2/jackson-core-2.19.2.jar:/Users/wonseok/.m2/repository/org/springdoc/springdoc-openapi-starter-webmvc-ui/2.8.12/springdoc-openapi-starter-webmvc-ui-2.8.12.jar:/Users/wonseok/.m2/repository/org/springdoc/springdoc-openapi-starter-webmvc-api/2.8.12/springdoc-openapi-starter-webmvc-api-2.8.12.jar:/Users/wonseok/.m2/repository/org/springdoc/springdoc-openapi-starter-common/2.8.12/springdoc-openapi-starter-common-2.8.12.jar:/Users/wonseok/.m2/repository/org/springframework/boot/spring-boot-starter-validation/3.5.5/spring-boot-starter-validation-3.5.5.jar:/Users/wonseok/.m2/repository/org/hibernate/validator/hibernate-validator/8.0.3.Final/hibernate-validator-8.0.3.Final.jar:/Users/wonseok/.m2/repository/org/jboss/logging/jboss-logging/3.6.1.Final/jboss-logging-3.6.1.Final.jar:/Users/wonseok/.m2/repository/com/fasterxml/classmate/1.7.0/classmate-1.7.0.jar:/Users/wonseok/.m2/repository/io/swagger/core/v3/swagger-core-jakarta/2.2.36/swagger-core-jakarta-2.2.36.jar:/Users/wonseok/.m2/repository/org/apache/commons/commons-lang3/3.17.0/commons-lang3-3.17.0.jar:/Users/wonseok/.m2/repository/io/swagger/core/v3/swagger-annotations-jakarta/2.2.36/swagger-annotations-jakarta-2.2.36.jar:/Users/wonseok/.m2/repository/io/swagger/core/v3/swagger-models-jakarta/2.2.36/swagger-models-jakarta-2.2.36.jar:/Users/wonseok/.m2/repository/jakarta/validation/jakarta.validation-api/3.0.2/jakarta.validation-api-3.0.2.jar:/Users/wonseok/.m2/repository/com/fasterxml/jackson/dataformat/jackson-dataformat-yaml/2.19.2/jackson-dataformat-yaml-2.19.2.jar:/Users/wonseok/.m2/repository/org/webjars/swagger-ui/5.28.0/swagger-ui-5.28.0.jar:/Users/wonseok/.m2/repository/org/webjars/webjars-locator-lite/1.1.0/webjars-locator-lite-1.1.0.jar:/Users/wonseok/.m2/repository/org/jspecify/jspecify/1.0.0/jspecify-1.0.0.jar:/Users/wonseok/.m2/repository/org/springframework/boot/spring-boot-starter-security/3.5.5/spring-boot-starter-security-3.5.5.jar:/Users/wonseok/.m2/repository/org/springframework/spring-aop/6.2.10/spring-aop-6.2.10.jar:/Users/wonseok/.m2/repository/org/springframework/security/spring-security-web/6.5.3/spring-security-web-6.5.3.jar:/Users/wonseok/.m2/repository/org/springframework/retry/spring-retry/2.0.12/spring-retry-2.0.12.jar:/Users/wonseok/.m2/repository/org/projectlombok/lombok/1.18.38/lombok-1.18.38.jar:/Users/wonseok/.m2/repository/org/springframework/boot/spring-boot-starter-test/3.5.5/spring-boot-starter-test-3.5.5.jar:/Users/wonseok/.m2/repository/org/springframework/boot/spring-boot-test/3.5.5/spring-boot-test-3.5.5.jar:/Users/wonseok/.m2/repository/org/springframework/boot/spring-boot-test-autoconfigure/3.5.5/spring-boot-test-autoconfigure-3.5.5.jar:/Users/wonseok/.m2/repository/com/jayway/jsonpath/json-path/2.9.0/json-path-2.9.0.jar:/Users/wonseok/.m2/repository/jakarta/xml/bind/jakarta.xml.bind-api/4.0.2/jakarta.xml.bind-api-4.0.2.jar:/Users/wonseok/.m2/repository/jakarta/activation/jakarta.activation-api/2.1.3/jakarta.activation-api-2.1.3.jar:/Users/wonseok/.m2/repository/net/minidev/json-smart/2.5.2/json-smart-2.5.2.jar:/Users/wonseok/.m2/repository/net/minidev/accessors-smart/2.5.2/accessors-smart-2.5.2.jar:/Users/wonseok/.m2/repository/org/ow2/asm/asm/9.7.1/asm-9.7.1.jar:/Users/wonseok/.m2/repository/org/assertj/assertj-core/3.27.4/assertj-core-3.27.4.jar:/Users/wonseok/.m2/repository/net/bytebuddy/byte-buddy/1.17.7/byte-buddy-1.17.7.jar:/Users/wonseok/.m2/repository/org/awaitility/awaitility/4.2.2/awaitility-4.2.2.jar:/Users/wonseok/.m2/repository/org/hamcrest/hamcrest/3.0/hamcrest-3.0.jar:/Users/wonseok/.m2/repository/org/junit/jupiter/junit-jupiter/5.12.2/junit-jupiter-5.12.2.jar:/Users/wonseok/.m2/repository/org/junit/jupiter/junit-jupiter-api/5.12.2/junit-jupiter-api-5.12.2.jar:/Users/wonseok/.m2/repository/org/opentest4j/opentest4j/1.3.0/opentest4j-1.3.0.jar:/Users/wonseok/.m2/repository/org/junit/platform/junit-platform-commons/1.12.2/junit-platform-commons-1.12.2.jar:/Users/wonseok/.m2/repository/org/apiguardian/apiguardian-api/1.1.2/apiguardian-api-1.1.2.jar:/Users/wonseok/.m2/repository/org/junit/jupiter/junit-jupiter-params/5.12.2/junit-jupiter-params-5.12.2.jar:/Users/wonseok/.m2/repository/org/junit/jupiter/junit-jupiter-engine/5.12.2/junit-jupiter-engine-5.12.2.jar:/Users/wonseok/.m2/repository/org/junit/platform/junit-platform-engine/1.12.2/junit-platform-engine-1.12.2.jar:/Users/wonseok/.m2/repository/org/mockito/mockito-core/5.17.0/mockito-core-5.17.0.jar:/Users/wonseok/.m2/repository/net/bytebuddy/byte-buddy-agent/1.17.7/byte-buddy-agent-1.17.7.jar:/Users/wonseok/.m2/repository/org/objenesis/objenesis/3.3/objenesis-3.3.jar:/Users/wonseok/.m2/repository/org/mockito/mockito-junit-jupiter/5.17.0/mockito-junit-jupiter-5.17.0.jar:/Users/wonseok/.m2/repository/org/skyscreamer/jsonassert/1.5.3/jsonassert-1.5.3.jar:/Users/wonseok/.m2/repository/com/vaadin/external/google/android-json/0.0.20131108.vaadin1/android-json-0.0.20131108.vaadin1.jar:/Users/wonseok/.m2/repository/org/springframework/spring-core/6.2.10/spring-core-6.2.10.jar:/Users/wonseok/.m2/repository/org/springframework/spring-jcl/6.2.10/spring-jcl-6.2.10.jar:/Users/wonseok/.m2/repository/org/springframework/spring-test/6.2.10/spring-test-6.2.10.jar:/Users/wonseok/.m2/repository/org/xmlunit/xmlunit-core/2.10.3/xmlunit-core-2.10.3.jar:/Users/wonseok/.m2/repository/org/mybatis/spring/boot/mybatis-spring-boot-starter-test/3.0.5/mybatis-spring-boot-starter-test-3.0.5.jar:/Users/wonseok/.m2/repository/org/mybatis/spring/boot/mybatis-spring-boot-test-autoconfigure/3.0.5/mybatis-spring-boot-test-autoconfigure-3.0.5.jar:"/>
    <property name="sun.cpu.endian" value="little"/>
    <property name="user.home" value="/Users/wonseok"/>
    <property name="user.language" value="ko"/>
    <property name="java.specification.vendor" value="Oracle Corporation"/>
    <property name="java.version.date" value="2025-07-15"/>
    <property name="java.home" value="/Users/wonseok/Library/Java/JavaVirtualMachines/temurin-21.0.8/Contents/Home"/>
    <property name="file.separator" value="/"/>
    <property name="basedir" value="/Users/wonseok/Desktop/be18-4th-4team-project/backend"/>
    <property name="java.vm.compressedOopsMode" value="Zero based"/>
    <property name="line.separator" value="&#10;"/>
    <property name="java.vm.specification.vendor" value="Oracle Corporation"/>
    <property name="java.specification.name" value="Java Platform API Specification"/>
    <property name="FILE_LOG_CHARSET" value="UTF-8"/>
    <property name="java.awt.headless" value="true"/>
    <property name="apple.awt.application.name" value="ForkedBooter"/>
    <property name="surefire.real.class.path" value="/Users/wonseok/Desktop/be18-4th-4team-project/backend/target/surefire/surefirebooter-20251017111112538_3.jar"/>
    <property name="sun.management.compiler" value="HotSpot 64-Bit Tiered Compilers"/>
    <property name="ftp.nonProxyHosts" value="local|*.local|169.254/16|*.169.254/16|lx.astxsvc.com|*.lx.astxsvc.com|127.0.0.1:21300|*.127.0.0.1:21300"/>
    <property name="java.runtime.version" value="21.0.8+9-LTS"/>
    <property name="user.name" value="wonseok"/>
    <property name="stdout.encoding" value="UTF-8"/>
    <property name="path.separator" value=":"/>
    <property name="os.version" value="26.1"/>
    <property name="java.runtime.name" value="OpenJDK Runtime Environment"/>
    <property name="file.encoding" value="UTF-8"/>
    <property name="java.vm.name" value="OpenJDK 64-Bit Server VM"/>
    <property name="java.vendor.version" value="Temurin-21.0.8+9"/>
    <property name="localRepository" value="/Users/wonseok/.m2/repository"/>
    <property name="java.vendor.url.bug" value="https://github.com/adoptium/adoptium-support/issues"/>
    <property name="java.io.tmpdir" value="/var/folders/81/ptkld8hs7c3_f7yczyhm4d7h0000gn/T/"/>
    <property name="java.version" value="21.0.8"/>
    <property name="user.dir" value="/Users/wonseok/Desktop/be18-4th-4team-project/backend"/>
    <property name="os.arch" value="aarch64"/>
    <property name="java.vm.specification.name" value="Java Virtual Machine Specification"/>
    <property name="PID" value="68559"/>
    <property name="CONSOLE_LOG_CHARSET" value="UTF-8"/>
    <property name="native.encoding" value="UTF-8"/>
    <property name="java.library.path" value="/Users/wonseok/Library/Java/Extensions:/Library/Java/Extensions:/Network/Library/Java/Extensions:/System/Library/Java/Extensions:/usr/lib/java:."/>
    <property name="java.vm.info" value="mixed mode, sharing"/>
    <property name="stderr.encoding" value="UTF-8"/>
    <property name="java.vendor" value="Eclipse Adoptium"/>
    <property name="java.vm.version" value="21.0.8+9-LTS"/>
    <property name="sun.io.unicode.encoding" value="UnicodeBig"/>
    <property name="socksNonProxyHosts" value="local|*.local|169.254/16|*.169.254/16|lx.astxsvc.com|*.lx.astxsvc.com|127.0.0.1:21300|*.127.0.0.1:21300"/>
    <property name="java.class.version" value="65.0"/>
  </properties>
  <testcase name="testGetNewsForAAPL" classname="com.monstersinc.stock101.restclient.stock.StockRestClientServiceTest" time="0.886">
    <error message="org.springframework.web.client.HttpClientErrorException$Unauthorized: 401 Unauthorized on GET request for &quot;https://api.polygon.io/v2/reference/news&quot;: &quot;{&quot;status&quot;:&quot;ERROR&quot;,&quot;request_id&quot;:&quot;88870031ebcbad72728d90638630c817&quot;,&quot;error&quot;:&quot;Unknown API Key&quot;}&quot;" type="java.lang.RuntimeException"><![CDATA[java.lang.RuntimeException: org.springframework.web.client.HttpClientErrorException$Unauthorized: 401 Unauthorized on GET request for "https://api.polygon.io/v2/reference/news": "{"status":"ERROR","request_id":"88870031ebcbad72728d90638630c817","error":"Unknown API Key"}"
	at com.monstersinc.stock101.restclient.stock.model.service.StockRestClientServiceImpl.getNews(StockRestClientServiceImpl.java:243)
	at com.monstersinc.stock101.restclient.stock.StockRestClientServiceTest.testGetNewsForAAPL(StockRestClientServiceTest.java:32)
	at java.base/java.lang.reflect.Method.invoke(Method.java:580)
	at java.base/java.util.ArrayList.forEach(ArrayList.java:1596)
	at java.base/java.util.ArrayList.forEach(ArrayList.java:1596)
Caused by: org.springframework.web.client.HttpClientErrorException$Unauthorized: 401 Unauthorized on GET request for "https://api.polygon.io/v2/reference/news": "{"status":"ERROR","request_id":"88870031ebcbad72728d90638630c817","error":"Unknown API Key"}"
	at org.springframework.web.client.HttpClientErrorException.create(HttpClientErrorException.java:106)
	at org.springframework.web.client.DefaultResponseErrorHandler.handleError(DefaultResponseErrorHandler.java:186)
	at org.springframework.web.client.DefaultResponseErrorHandler.handleError(DefaultResponseErrorHandler.java:147)
	at org.springframework.web.client.RestTemplate.handleResponse(RestTemplate.java:953)
	at org.springframework.web.client.RestTemplate.doExecute(RestTemplate.java:902)
	at org.springframework.web.client.RestTemplate.execute(RestTemplate.java:801)
	at org.springframework.web.client.RestTemplate.getForObject(RestTemplate.java:415)
	at com.monstersinc.stock101.restclient.stock.model.service.StockRestClientServiceImpl.getNews(StockRestClientServiceImpl.java:149)
	... 4 more
]]></error>
    <system-out><![CDATA[2025-10-17T11:11:14.974+09:00  INFO 68559 --- [           main] t.c.s.AnnotationConfigContextLoaderUtils : Could not detect default configuration classes for test class [com.monstersinc.stock101.restclient.stock.StockRestClientServiceTest]: StockRestClientServiceTest does not declare any static, non-private, non-final, nested classes annotated with @Configuration.
2025-10-17T11:11:14.987+09:00  INFO 68559 --- [           main] .b.t.c.SpringBootTestContextBootstrapper : Found @SpringBootConfiguration com.monstersinc.stock101.Stock101Application for test class com.monstersinc.stock101.restclient.stock.StockRestClientServiceTest
2025-10-17T11:11:14.988+09:00  INFO 68559 --- [           main] o.s.b.d.r.RestartApplicationListener     : Restart disabled due to context in which it is running

  .   ____          _            __ _ _
 /\\ / ___'_ __ _ _(_)_ __  __ _ \ \ \ \
( ( )\___ | '_ | '_| | '_ \/ _` | \ \ \ \
 \\/  ___)| |_)| | | | | || (_| |  ) ) ) )
  '  |____| .__|_| |_|_| |_\__, | / / / /
 =========|_|==============|___/=/_/_/_/

 :: Spring Boot ::                (v3.5.5)

2025-10-17T11:11:14.997+09:00  INFO 68559 --- [           main] c.m.s.r.s.StockRestClientServiceTest     : Starting StockRestClientServiceTest using Java 21.0.8 with PID 68559 (started by wonseok in /Users/wonseok/Desktop/be18-4th-4team-project/backend)
2025-10-17T11:11:14.997+09:00  INFO 68559 --- [           main] c.m.s.r.s.StockRestClientServiceTest     : No active profile set, falling back to 1 default profile: "default"
2025-10-17T11:11:15.103+09:00  INFO 68559 --- [           main] .s.d.r.c.RepositoryConfigurationDelegate : Multiple Spring Data modules found, entering strict repository configuration mode
2025-10-17T11:11:15.103+09:00  INFO 68559 --- [           main] .s.d.r.c.RepositoryConfigurationDelegate : Bootstrapping Spring Data Redis repositories in DEFAULT mode.
2025-10-17T11:11:15.116+09:00  INFO 68559 --- [           main] .s.d.r.c.RepositoryConfigurationDelegate : Finished Spring Data repository scanning in 11 ms. Found 0 Redis repository interfaces.
2025-10-17T11:11:15.560+09:00  INFO 68559 --- [           main] o.s.b.a.e.web.EndpointLinksResolver      : Exposing 1 endpoint beneath base path '/actuator'
2025-10-17T11:11:15.575+09:00  INFO 68559 --- [           main] r$InitializeUserDetailsManagerConfigurer : Global AuthenticationManager configured with UserDetailsService bean with name userDetailsServiceImpl
2025-10-17T11:11:15.701+09:00  INFO 68559 --- [           main] c.m.s.r.s.StockRestClientServiceTest     : Started StockRestClientServiceTest in 0.713 seconds (process running for 3.121)
]]></system-out>
  </testcase>
</testsuite>